2020-11-19 15:10:35.325 [restartedMain] INFO  com.bothsavage.basic.project.BasicProjectApplication - Starting BasicProjectApplication on DESKTOP-PDNG3RK with PID 12940 (D:\Project\basic_project\target\classes started by T440p in D:\Project\basic_project)
2020-11-19 15:10:35.331 [restartedMain] INFO  com.bothsavage.basic.project.BasicProjectApplication - The following profiles are active: dev
2020-11-19 15:10:35.777 [restartedMain] INFO  o.s.b.d.env.DevToolsPropertyDefaultsPostProcessor - Devtools property defaults active! Set 'spring.devtools.add-properties' to 'false' to disable
2020-11-19 15:10:35.778 [restartedMain] INFO  o.s.b.d.env.DevToolsPropertyDefaultsPostProcessor - For additional web related logging consider setting the 'logging.level.web' property to 'DEBUG'
2020-11-19 15:10:41.483 [restartedMain] INFO  o.s.boot.web.embedded.tomcat.TomcatWebServer - Tomcat initialized with port(s): 8080 (http)
2020-11-19 15:10:41.507 [restartedMain] INFO  org.apache.coyote.http11.Http11NioProtocol - Initializing ProtocolHandler ["http-nio-8080"]
2020-11-19 15:10:41.508 [restartedMain] INFO  org.apache.catalina.core.StandardService - Starting service [Tomcat]
2020-11-19 15:10:41.508 [restartedMain] INFO  org.apache.catalina.core.StandardEngine - Starting Servlet engine: [Apache Tomcat/9.0.31]
2020-11-19 15:10:41.920 [restartedMain] INFO  o.a.c.c.C.[Tomcat].[localhost].[/basic_project] - Initializing Spring embedded WebApplicationContext
2020-11-19 15:10:41.920 [restartedMain] INFO  org.springframework.web.context.ContextLoader - Root WebApplicationContext: initialization completed in 6140 ms
2020-11-19 15:10:42.668 [restartedMain] INFO  com.zaxxer.hikari.HikariDataSource - DatebookHikariCP - Starting...
2020-11-19 15:10:58.989 [restartedMain] INFO  org.apache.catalina.core.StandardService - Stopping service [Tomcat]
2020-11-19 15:10:59.010 [restartedMain] INFO  o.s.b.a.l.ConditionEvaluationReportLoggingListener - 

Error starting ApplicationContext. To display the conditions report re-run your application with 'debug' enabled.
2020-11-29 16:54:13.698 [restartedMain] INFO  c.bothsavage.basic.project.BasicProjectApplication - Starting BasicProjectApplication on DESKTOP-PDNG3RK with PID 4500 (C:\Users\T440p\Desktop\FAST_SPRING_BOOT\target\classes started by T440p in C:\Users\T440p\Desktop\FAST_SPRING_BOOT)
2020-11-29 16:54:13.705 [restartedMain] INFO  c.bothsavage.basic.project.BasicProjectApplication - The following profiles are active: dev
2020-11-29 16:54:13.783 [restartedMain] INFO  o.s.b.d.env.DevToolsPropertyDefaultsPostProcessor - Devtools property defaults active! Set 'spring.devtools.add-properties' to 'false' to disable
2020-11-29 16:54:13.784 [restartedMain] INFO  o.s.b.d.env.DevToolsPropertyDefaultsPostProcessor - For additional web related logging consider setting the 'logging.level.web' property to 'DEBUG'
2020-11-29 16:54:16.188 [restartedMain] INFO  o.s.boot.web.embedded.tomcat.TomcatWebServer - Tomcat initialized with port(s): 8080 (http)
2020-11-29 16:54:16.202 [restartedMain] INFO  org.apache.coyote.http11.Http11NioProtocol - Initializing ProtocolHandler ["http-nio-8080"]
2020-11-29 16:54:16.203 [restartedMain] INFO  org.apache.catalina.core.StandardService - Starting service [Tomcat]
2020-11-29 16:54:16.203 [restartedMain] INFO  org.apache.catalina.core.StandardEngine - Starting Servlet engine: [Apache Tomcat/9.0.31]
2020-11-29 16:54:16.322 [restartedMain] INFO  o.a.c.core.ContainerBase.[Tomcat].[localhost].[/] - Initializing Spring embedded WebApplicationContext
2020-11-29 16:54:16.323 [restartedMain] INFO  org.springframework.web.context.ContextLoader - Root WebApplicationContext: initialization completed in 2539 ms
2020-11-29 16:54:16.609 [restartedMain] INFO  com.zaxxer.hikari.HikariDataSource - DatebookHikariCP - Starting...
2020-11-29 16:54:18.046 [restartedMain] INFO  org.apache.catalina.core.StandardService - Stopping service [Tomcat]
2020-11-29 16:54:18.081 [restartedMain] INFO  o.s.b.a.l.ConditionEvaluationReportLoggingListener - 

Error starting ApplicationContext. To display the conditions report re-run your application with 'debug' enabled.
2020-11-29 16:54:36.288 [restartedMain] INFO  c.bothsavage.basic.project.BasicProjectApplication - Starting BasicProjectApplication on DESKTOP-PDNG3RK with PID 1172 (C:\Users\T440p\Desktop\FAST_SPRING_BOOT\target\classes started by T440p in C:\Users\T440p\Desktop\FAST_SPRING_BOOT)
2020-11-29 16:54:36.292 [restartedMain] INFO  c.bothsavage.basic.project.BasicProjectApplication - The following profiles are active: dev
2020-11-29 16:54:36.412 [restartedMain] INFO  o.s.b.d.env.DevToolsPropertyDefaultsPostProcessor - Devtools property defaults active! Set 'spring.devtools.add-properties' to 'false' to disable
2020-11-29 16:54:36.412 [restartedMain] INFO  o.s.b.d.env.DevToolsPropertyDefaultsPostProcessor - For additional web related logging consider setting the 'logging.level.web' property to 'DEBUG'
2020-11-29 16:54:38.305 [restartedMain] INFO  o.s.boot.web.embedded.tomcat.TomcatWebServer - Tomcat initialized with port(s): 8080 (http)
2020-11-29 16:54:38.316 [restartedMain] INFO  org.apache.coyote.http11.Http11NioProtocol - Initializing ProtocolHandler ["http-nio-8080"]
2020-11-29 16:54:38.317 [restartedMain] INFO  org.apache.catalina.core.StandardService - Starting service [Tomcat]
2020-11-29 16:54:38.317 [restartedMain] INFO  org.apache.catalina.core.StandardEngine - Starting Servlet engine: [Apache Tomcat/9.0.31]
2020-11-29 16:54:38.404 [restartedMain] INFO  o.a.c.core.ContainerBase.[Tomcat].[localhost].[/] - Initializing Spring embedded WebApplicationContext
2020-11-29 16:54:38.404 [restartedMain] INFO  org.springframework.web.context.ContextLoader - Root WebApplicationContext: initialization completed in 1992 ms
2020-11-29 16:54:38.604 [restartedMain] INFO  com.zaxxer.hikari.HikariDataSource - DatebookHikariCP - Starting...
2020-11-29 16:54:39.821 [restartedMain] INFO  org.apache.catalina.core.StandardService - Stopping service [Tomcat]
2020-11-29 16:54:39.833 [restartedMain] INFO  o.s.b.a.l.ConditionEvaluationReportLoggingListener - 

Error starting ApplicationContext. To display the conditions report re-run your application with 'debug' enabled.
2020-11-29 16:55:06.326 [restartedMain] INFO  c.bothsavage.basic.project.BasicProjectApplication - Starting BasicProjectApplication on DESKTOP-PDNG3RK with PID 12456 (C:\Users\T440p\Desktop\FAST_SPRING_BOOT\target\classes started by T440p in C:\Users\T440p\Desktop\FAST_SPRING_BOOT)
2020-11-29 16:55:06.333 [restartedMain] INFO  c.bothsavage.basic.project.BasicProjectApplication - The following profiles are active: dev
2020-11-29 16:55:06.495 [restartedMain] INFO  o.s.b.d.env.DevToolsPropertyDefaultsPostProcessor - Devtools property defaults active! Set 'spring.devtools.add-properties' to 'false' to disable
2020-11-29 16:55:06.496 [restartedMain] INFO  o.s.b.d.env.DevToolsPropertyDefaultsPostProcessor - For additional web related logging consider setting the 'logging.level.web' property to 'DEBUG'
2020-11-29 16:55:08.277 [restartedMain] INFO  o.s.boot.web.embedded.tomcat.TomcatWebServer - Tomcat initialized with port(s): 8080 (http)
2020-11-29 16:55:08.286 [restartedMain] INFO  org.apache.coyote.http11.Http11NioProtocol - Initializing ProtocolHandler ["http-nio-8080"]
2020-11-29 16:55:08.287 [restartedMain] INFO  org.apache.catalina.core.StandardService - Starting service [Tomcat]
2020-11-29 16:55:08.287 [restartedMain] INFO  org.apache.catalina.core.StandardEngine - Starting Servlet engine: [Apache Tomcat/9.0.31]
2020-11-29 16:55:08.385 [restartedMain] INFO  o.a.c.core.ContainerBase.[Tomcat].[localhost].[/] - Initializing Spring embedded WebApplicationContext
2020-11-29 16:55:08.385 [restartedMain] INFO  org.springframework.web.context.ContextLoader - Root WebApplicationContext: initialization completed in 1887 ms
2020-11-29 16:55:08.587 [restartedMain] INFO  com.zaxxer.hikari.HikariDataSource - DatebookHikariCP - Starting...
2020-11-29 16:55:08.793 [restartedMain] INFO  com.zaxxer.hikari.HikariDataSource - DatebookHikariCP - Start completed.
2020-11-29 16:55:09.402 [restartedMain] INFO  s.d.s.w.PropertySourcedRequestMappingHandlerMapping - Mapped URL path [/v2/api-docs] onto method [springfox.documentation.swagger2.web.Swagger2Controller#getDocumentation(String, HttpServletRequest)]
2020-11-29 16:55:09.513 [restartedMain] INFO  o.s.scheduling.concurrent.ThreadPoolTaskExecutor - Initializing ExecutorService 'applicationTaskExecutor'
2020-11-29 16:55:09.543 [restartedMain] INFO  o.s.b.d.autoconfigure.OptionalLiveReloadServer - LiveReload server is running on port 35729
2020-11-29 16:55:09.708 [restartedMain] INFO  s.d.s.web.plugins.DocumentationPluginsBootstrapper - Context refreshed
2020-11-29 16:55:09.727 [restartedMain] INFO  s.d.s.web.plugins.DocumentationPluginsBootstrapper - Found 1 custom documentation plugin(s)
2020-11-29 16:55:09.758 [restartedMain] INFO  s.d.spring.web.scanners.ApiListingReferenceScanner - Scanning for api listing references
2020-11-29 16:55:09.963 [restartedMain] INFO  org.apache.coyote.http11.Http11NioProtocol - Starting ProtocolHandler ["http-nio-8080"]
2020-11-29 16:55:09.975 [restartedMain] INFO  org.apache.coyote.http11.Http11NioProtocol - Pausing ProtocolHandler ["http-nio-8080"]
2020-11-29 16:55:09.976 [restartedMain] INFO  org.apache.catalina.core.StandardService - Stopping service [Tomcat]
2020-11-29 16:55:09.981 [restartedMain] INFO  org.apache.coyote.http11.Http11NioProtocol - Stopping ProtocolHandler ["http-nio-8080"]
2020-11-29 16:55:09.981 [restartedMain] INFO  org.apache.coyote.http11.Http11NioProtocol - Destroying ProtocolHandler ["http-nio-8080"]
2020-11-29 16:55:09.984 [restartedMain] INFO  o.s.b.a.l.ConditionEvaluationReportLoggingListener - 

Error starting ApplicationContext. To display the conditions report re-run your application with 'debug' enabled.
2020-11-29 16:55:09.995 [restartedMain] INFO  o.s.scheduling.concurrent.ThreadPoolTaskExecutor - Shutting down ExecutorService 'applicationTaskExecutor'
2020-11-29 16:55:09.998 [restartedMain] INFO  com.zaxxer.hikari.HikariDataSource - DatebookHikariCP - Shutdown initiated...
2020-11-29 16:55:10.007 [restartedMain] INFO  com.zaxxer.hikari.HikariDataSource - DatebookHikariCP - Shutdown completed.
2020-11-29 16:55:55.089 [restartedMain] INFO  c.bothsavage.basic.project.BasicProjectApplication - Starting BasicProjectApplication on DESKTOP-PDNG3RK with PID 10028 (C:\Users\T440p\Desktop\FAST_SPRING_BOOT\target\classes started by T440p in C:\Users\T440p\Desktop\FAST_SPRING_BOOT)
2020-11-29 16:55:55.095 [restartedMain] INFO  c.bothsavage.basic.project.BasicProjectApplication - The following profiles are active: dev
2020-11-29 16:55:55.202 [restartedMain] INFO  o.s.b.d.env.DevToolsPropertyDefaultsPostProcessor - Devtools property defaults active! Set 'spring.devtools.add-properties' to 'false' to disable
2020-11-29 16:55:55.202 [restartedMain] INFO  o.s.b.d.env.DevToolsPropertyDefaultsPostProcessor - For additional web related logging consider setting the 'logging.level.web' property to 'DEBUG'
2020-11-29 16:55:56.816 [restartedMain] INFO  o.s.boot.web.embedded.tomcat.TomcatWebServer - Tomcat initialized with port(s): 8999 (http)
2020-11-29 16:55:56.827 [restartedMain] INFO  org.apache.coyote.http11.Http11NioProtocol - Initializing ProtocolHandler ["http-nio-8999"]
2020-11-29 16:55:56.827 [restartedMain] INFO  org.apache.catalina.core.StandardService - Starting service [Tomcat]
2020-11-29 16:55:56.828 [restartedMain] INFO  org.apache.catalina.core.StandardEngine - Starting Servlet engine: [Apache Tomcat/9.0.31]
2020-11-29 16:55:56.936 [restartedMain] INFO  o.a.c.core.ContainerBase.[Tomcat].[localhost].[/] - Initializing Spring embedded WebApplicationContext
2020-11-29 16:55:56.936 [restartedMain] INFO  org.springframework.web.context.ContextLoader - Root WebApplicationContext: initialization completed in 1733 ms
2020-11-29 16:55:57.140 [restartedMain] INFO  com.zaxxer.hikari.HikariDataSource - DatebookHikariCP - Starting...
2020-11-29 16:55:57.340 [restartedMain] INFO  com.zaxxer.hikari.HikariDataSource - DatebookHikariCP - Start completed.
2020-11-29 16:55:57.866 [restartedMain] INFO  s.d.s.w.PropertySourcedRequestMappingHandlerMapping - Mapped URL path [/v2/api-docs] onto method [springfox.documentation.swagger2.web.Swagger2Controller#getDocumentation(String, HttpServletRequest)]
2020-11-29 16:55:57.976 [restartedMain] INFO  o.s.scheduling.concurrent.ThreadPoolTaskExecutor - Initializing ExecutorService 'applicationTaskExecutor'
2020-11-29 16:55:58.000 [restartedMain] INFO  o.s.b.d.autoconfigure.OptionalLiveReloadServer - LiveReload server is running on port 35729
2020-11-29 16:55:58.151 [restartedMain] INFO  s.d.s.web.plugins.DocumentationPluginsBootstrapper - Context refreshed
2020-11-29 16:55:58.167 [restartedMain] INFO  s.d.s.web.plugins.DocumentationPluginsBootstrapper - Found 1 custom documentation plugin(s)
2020-11-29 16:55:58.195 [restartedMain] INFO  s.d.spring.web.scanners.ApiListingReferenceScanner - Scanning for api listing references
2020-11-29 16:55:58.380 [restartedMain] INFO  org.apache.coyote.http11.Http11NioProtocol - Starting ProtocolHandler ["http-nio-8999"]
2020-11-29 16:55:58.411 [restartedMain] INFO  o.s.boot.web.embedded.tomcat.TomcatWebServer - Tomcat started on port(s): 8999 (http) with context path ''
2020-11-29 16:55:58.415 [restartedMain] INFO  c.bothsavage.basic.project.BasicProjectApplication - Started BasicProjectApplication in 4.394 seconds (JVM running for 5.901)
2020-11-29 16:56:36.723 [http-nio-8999-exec-1] INFO  o.a.c.core.ContainerBase.[Tomcat].[localhost].[/] - Initializing Spring DispatcherServlet 'dispatcherServlet'
2020-11-29 16:56:36.724 [http-nio-8999-exec-1] INFO  org.springframework.web.servlet.DispatcherServlet - Initializing Servlet 'dispatcherServlet'
2020-11-29 16:56:36.736 [http-nio-8999-exec-1] INFO  org.springframework.web.servlet.DispatcherServlet - Completed initialization in 12 ms
2020-11-29 17:39:27.878 [restartedMain] INFO  c.bothsavage.basic.project.BasicProjectApplication - Starting BasicProjectApplication on DESKTOP-PDNG3RK with PID 892 (C:\Users\T440p\Desktop\FAST_SPRING_BOOT\target\classes started by T440p in C:\Users\T440p\Desktop\FAST_SPRING_BOOT)
2020-11-29 17:39:27.883 [restartedMain] INFO  c.bothsavage.basic.project.BasicProjectApplication - The following profiles are active: dev
2020-11-29 17:39:27.976 [restartedMain] INFO  o.s.b.d.env.DevToolsPropertyDefaultsPostProcessor - Devtools property defaults active! Set 'spring.devtools.add-properties' to 'false' to disable
2020-11-29 17:39:27.977 [restartedMain] INFO  o.s.b.d.env.DevToolsPropertyDefaultsPostProcessor - For additional web related logging consider setting the 'logging.level.web' property to 'DEBUG'
2020-11-29 17:39:29.850 [restartedMain] INFO  o.s.boot.web.embedded.tomcat.TomcatWebServer - Tomcat initialized with port(s): 8999 (http)
2020-11-29 17:39:29.862 [restartedMain] INFO  org.apache.coyote.http11.Http11NioProtocol - Initializing ProtocolHandler ["http-nio-8999"]
2020-11-29 17:39:29.862 [restartedMain] INFO  org.apache.catalina.core.StandardService - Starting service [Tomcat]
2020-11-29 17:39:29.862 [restartedMain] INFO  org.apache.catalina.core.StandardEngine - Starting Servlet engine: [Apache Tomcat/9.0.31]
2020-11-29 17:39:29.952 [restartedMain] INFO  o.a.c.core.ContainerBase.[Tomcat].[localhost].[/] - Initializing Spring embedded WebApplicationContext
2020-11-29 17:39:29.952 [restartedMain] INFO  org.springframework.web.context.ContextLoader - Root WebApplicationContext: initialization completed in 1973 ms
2020-11-29 17:39:30.153 [restartedMain] INFO  com.zaxxer.hikari.HikariDataSource - DatebookHikariCP - Starting...
2020-11-29 17:39:30.363 [restartedMain] INFO  com.zaxxer.hikari.HikariDataSource - DatebookHikariCP - Start completed.
2020-11-29 17:39:30.949 [restartedMain] INFO  s.d.s.w.PropertySourcedRequestMappingHandlerMapping - Mapped URL path [/v2/api-docs] onto method [springfox.documentation.swagger2.web.Swagger2Controller#getDocumentation(String, HttpServletRequest)]
2020-11-29 17:39:31.052 [restartedMain] INFO  o.s.scheduling.concurrent.ThreadPoolTaskExecutor - Initializing ExecutorService 'applicationTaskExecutor'
2020-11-29 17:39:31.078 [restartedMain] INFO  o.s.b.d.autoconfigure.OptionalLiveReloadServer - LiveReload server is running on port 35729
2020-11-29 17:39:31.238 [restartedMain] INFO  s.d.s.web.plugins.DocumentationPluginsBootstrapper - Context refreshed
2020-11-29 17:39:31.257 [restartedMain] INFO  s.d.s.web.plugins.DocumentationPluginsBootstrapper - Found 1 custom documentation plugin(s)
2020-11-29 17:39:31.288 [restartedMain] INFO  s.d.spring.web.scanners.ApiListingReferenceScanner - Scanning for api listing references
2020-11-29 17:39:31.488 [restartedMain] INFO  org.apache.coyote.http11.Http11NioProtocol - Starting ProtocolHandler ["http-nio-8999"]
2020-11-29 17:39:31.509 [restartedMain] INFO  o.s.boot.web.embedded.tomcat.TomcatWebServer - Tomcat started on port(s): 8999 (http) with context path ''
2020-11-29 17:39:31.513 [restartedMain] INFO  c.bothsavage.basic.project.BasicProjectApplication - Started BasicProjectApplication in 4.78 seconds (JVM running for 6.662)
2020-11-29 17:39:41.159 [http-nio-8999-exec-1] INFO  o.a.c.core.ContainerBase.[Tomcat].[localhost].[/] - Initializing Spring DispatcherServlet 'dispatcherServlet'
2020-11-29 17:39:41.159 [http-nio-8999-exec-1] INFO  org.springframework.web.servlet.DispatcherServlet - Initializing Servlet 'dispatcherServlet'
2020-11-29 17:39:41.171 [http-nio-8999-exec-1] INFO  org.springframework.web.servlet.DispatcherServlet - Completed initialization in 11 ms
2020-11-29 17:49:25.974 [restartedMain] INFO  c.bothsavage.basic.project.BasicProjectApplication - Starting BasicProjectApplication on DESKTOP-PDNG3RK with PID 13988 (C:\Users\T440p\Desktop\FAST_SPRING_BOOT\target\classes started by T440p in C:\Users\T440p\Desktop\FAST_SPRING_BOOT)
2020-11-29 17:49:25.980 [restartedMain] INFO  c.bothsavage.basic.project.BasicProjectApplication - The following profiles are active: dev
2020-11-29 17:49:26.134 [restartedMain] INFO  o.s.b.d.env.DevToolsPropertyDefaultsPostProcessor - Devtools property defaults active! Set 'spring.devtools.add-properties' to 'false' to disable
2020-11-29 17:49:26.135 [restartedMain] INFO  o.s.b.d.env.DevToolsPropertyDefaultsPostProcessor - For additional web related logging consider setting the 'logging.level.web' property to 'DEBUG'
2020-11-29 17:49:28.266 [restartedMain] INFO  o.s.boot.web.embedded.tomcat.TomcatWebServer - Tomcat initialized with port(s): 8999 (http)
2020-11-29 17:49:28.277 [restartedMain] INFO  org.apache.coyote.http11.Http11NioProtocol - Initializing ProtocolHandler ["http-nio-8999"]
2020-11-29 17:49:28.278 [restartedMain] INFO  org.apache.catalina.core.StandardService - Starting service [Tomcat]
2020-11-29 17:49:28.278 [restartedMain] INFO  org.apache.catalina.core.StandardEngine - Starting Servlet engine: [Apache Tomcat/9.0.31]
2020-11-29 17:49:28.381 [restartedMain] INFO  o.a.c.core.ContainerBase.[Tomcat].[localhost].[/] - Initializing Spring embedded WebApplicationContext
2020-11-29 17:49:28.382 [restartedMain] INFO  org.springframework.web.context.ContextLoader - Root WebApplicationContext: initialization completed in 2246 ms
2020-11-29 17:49:28.752 [restartedMain] INFO  com.zaxxer.hikari.HikariDataSource - DatebookHikariCP - Starting...
2020-11-29 17:49:29.088 [restartedMain] INFO  com.zaxxer.hikari.HikariDataSource - DatebookHikariCP - Start completed.
2020-11-29 17:49:29.998 [restartedMain] INFO  s.d.s.w.PropertySourcedRequestMappingHandlerMapping - Mapped URL path [/v2/api-docs] onto method [springfox.documentation.swagger2.web.Swagger2Controller#getDocumentation(String, HttpServletRequest)]
2020-11-29 17:49:30.190 [restartedMain] INFO  o.s.scheduling.concurrent.ThreadPoolTaskExecutor - Initializing ExecutorService 'applicationTaskExecutor'
2020-11-29 17:49:30.245 [restartedMain] INFO  o.s.b.d.autoconfigure.OptionalLiveReloadServer - LiveReload server is running on port 35729
2020-11-29 17:49:30.531 [restartedMain] INFO  s.d.s.web.plugins.DocumentationPluginsBootstrapper - Context refreshed
2020-11-29 17:49:30.556 [restartedMain] INFO  s.d.s.web.plugins.DocumentationPluginsBootstrapper - Found 1 custom documentation plugin(s)
2020-11-29 17:49:30.606 [restartedMain] INFO  s.d.spring.web.scanners.ApiListingReferenceScanner - Scanning for api listing references
2020-11-29 17:49:30.858 [restartedMain] INFO  org.apache.coyote.http11.Http11NioProtocol - Starting ProtocolHandler ["http-nio-8999"]
2020-11-29 17:49:30.886 [restartedMain] INFO  o.s.boot.web.embedded.tomcat.TomcatWebServer - Tomcat started on port(s): 8999 (http) with context path ''
2020-11-29 17:49:30.890 [restartedMain] INFO  c.bothsavage.basic.project.BasicProjectApplication - Started BasicProjectApplication in 6.12 seconds (JVM running for 8.132)
2020-11-29 17:52:19.348 [http-nio-8999-exec-1] INFO  o.a.c.core.ContainerBase.[Tomcat].[localhost].[/] - Initializing Spring DispatcherServlet 'dispatcherServlet'
2020-11-29 17:52:19.348 [http-nio-8999-exec-1] INFO  org.springframework.web.servlet.DispatcherServlet - Initializing Servlet 'dispatcherServlet'
2020-11-29 17:52:19.358 [http-nio-8999-exec-1] INFO  org.springframework.web.servlet.DispatcherServlet - Completed initialization in 10 ms
